<html>
<body>
<pre>
<h1>µVision Build Log</h1>
<h2>Tool Versions:</h2>
IDE-Version: ¦ÌVision V5.16a
Copyright (C) 2015 ARM Ltd and ARM Germany GmbH. All rights reserved.
License Information: sfa Microsoft, Microsoft, LIC=03LPC-7DZS5-NWQ2N-Y9PPV-ML327-4ZCRN
 
Tool Versions:
Toolchain:       PK51 Prof. Developers Kit  Version: 9.54
Toolchain Path:  E:\keil\C51\BIN
C Compiler:      C51.exe V9.54
Assembler:       A51.exe V8.02c
Linker/Locator:  BL51.exe V6.22
Library Manager: LIB51.exe V4.30.1.0
Hex Converter:   OH51.exe V2.7.0.0
CPU DLL:         S8051.DLL V3.100.0.0
Dialog DLL:      DP51.DLL V2.62.0.1 
<h2>Project:</h2>
E:\learn\N76E003NEW\N76E003_BSP_Keil_C51_V1.0.5\´«¸ĞÆ÷\³¬Éù²¨×ÊÁÏ\³¬Éù²¨²â¾àLC1602ÏÔÊ¾\Âö¿í²âÁ¿.Uv2
Project File Date:  02/18/2011

<h2>Output:</h2>
Build target 'Target 1'
compiling Âö¿í²âÁ¿.c...
Âö¿í²âÁ¿.c(1): error C141: syntax error near '16'
Âö¿í²âÁ¿.c(1): error C100: unprintable character 0xC4 skipped
Âö¿í²âÁ¿.c(1): error C100: unprintable character 0xA3 skipped
Âö¿í²âÁ¿.c(1): error C100: unprintable character 0xC4 skipped
Âö¿í²âÁ¿.c(1): error C100: unprintable character 0xE2 skipped
Âö¿í²âÁ¿.c(1): error C100: unprintable character 0xBF skipped
Âö¿í²âÁ¿.c(1): error C100: unprintable character 0xDA skipped
Âö¿í²âÁ¿.c(1): error C100: unprintable character 0xCF skipped
Âö¿í²âÁ¿.c(1): error C100: unprintable character 0xDF skipped
Âö¿í²âÁ¿.c(1): error C100: unprintable character 0xBD skipped
Âö¿í²âÁ¿.c(1): error C100: unprintable character 0xD3 skipped
Âö¿í²âÁ¿.c(1): error C100: unprintable character 0xCF skipped
Âö¿í²âÁ¿.c(1): error C100: unprintable character 0xDF skipped
Âö¿í²âÁ¿.c(1): error C100: unprintable character 0xB7 skipped
Âö¿í²âÁ¿.c(1): error C100: unprintable character 0xBD skipped
Âö¿í²âÁ¿.c(1): error C100: unprintable character 0xCA skipped
Âö¿í²âÁ¿.c(1): error C100: unprintable character 0xBD skipped
Âö¿í²âÁ¿.c(2): error C100: unprintable character 0xC1 skipped
Âö¿í²âÁ¿.c(2): error C100: unprintable character 0xAC skipped
Âö¿í²âÁ¿.c(2): error C100: unprintable character 0xBD skipped
Âö¿í²âÁ¿.c(2): error C100: unprintable character 0xD3 skipped
Âö¿í²âÁ¿.c(2): error C100: unprintable character 0xCF skipped
Âö¿í²âÁ¿.c(2): error C100: unprintable character 0xDF skipped
Âö¿í²âÁ¿.c(2): error C100: unprintable character 0xCD skipped
Âö¿í²âÁ¿.c(2): error C100: unprintable character 0xBC skipped
Âö¿í²âÁ¿.c(2): error C141: syntax error near ':'
Âö¿í²âÁ¿.c(4): error C129: missing ';' before '--'
Âö¿í²âÁ¿.c(17): warning C318: can't open file 'AT89x51.H'
Target not created.
Build Time Elapsed:  00:00:00
</pre>
</body>
</html>
